TN:
SF:C:\Users\tebie\workspace\apps\cryptochain\block.js
FN:4,(anonymous_0)
FN:11,(anonymous_1)
FN:15,(anonymous_2)
FNF:3
FNH:3
FNDA:4,(anonymous_0)
FNDA:2,(anonymous_1)
FNDA:1,(anonymous_2)
DA:1,1
DA:5,4
DA:6,4
DA:7,4
DA:8,4
DA:12,2
DA:16,1
DA:24,1
LF:8
LH:8
BRF:0
BRH:0
end_of_record
TN:
SF:C:\Users\tebie\workspace\apps\cryptochain\config.js
FNF:0
FNH:0
DA:1,1
DA:8,1
LF:2
LH:2
BRF:0
BRH:0
end_of_record
TN:
SF:C:\Users\tebie\workspace\apps\cryptochain\crypto-hash.js
FN:3,(anonymous_0)
FNF:1
FNH:1
FNDA:3,(anonymous_0)
DA:1,1
DA:3,1
DA:4,3
DA:6,3
DA:8,3
DA:12,1
LF:6
LH:6
BRF:0
BRH:0
end_of_record
